<?xml version="1.0" encoding="UTF-8"?>
<robot generator="Robot 7.0 (Python 3.12.2 on win32)" generated="2024-03-14T21:15:37.071252" rpa="false" schemaversion="5">
<suite id="s1" name="Google Search" source="C:\Users\Punsan\Desktop\Search_Test_robot\google_search.robot">
<test id="s1-t1" name="Search Google and Verify Results" line="13">
<kw name="Open Google">
<kw name="Open Browser" owner="SeleniumLibrary">
<msg time="2024-03-14T21:15:37.225315" level="INFO">Opening browser 'Edge' to base url 'https://www.google.com'.</msg>
<arg>https://www.google.com</arg>
<arg>${BROWSER}</arg>
<doc>Opens a new browser instance to the optional ``url``.</doc>
<status status="PASS" start="2024-03-14T21:15:37.225315" elapsed="22.828011"/>
</kw>
<status status="PASS" start="2024-03-14T21:15:37.224076" elapsed="22.829250"/>
</kw>
<kw name="Input Search Term">
<msg time="2024-03-14T21:16:00.054327" level="FAIL">No keyword with name 'Input Search Term' found. Did you mean:
    Input Yahoo Search Term</msg>
<status status="FAIL" start="2024-03-14T21:16:00.054327" elapsed="0.000000">No keyword with name 'Input Search Term' found. Did you mean:
    Input Yahoo Search Term</status>
</kw>
<kw name="Press Enter Google Search">
<status status="NOT RUN" start="2024-03-14T21:16:00.055327" elapsed="0.000000"/>
</kw>
<kw name="Verify Search Results">
<status status="NOT RUN" start="2024-03-14T21:16:00.055327" elapsed="0.000000"/>
</kw>
<kw name="Close Browser" owner="SeleniumLibrary">
<doc>Closes the current browser.</doc>
<status status="NOT RUN" start="2024-03-14T21:16:00.055327" elapsed="0.000000"/>
</kw>
<doc>Test case to search Google and verify results</doc>
<status status="FAIL" start="2024-03-14T21:15:37.224076" elapsed="22.831251">No keyword with name 'Input Search Term' found. Did you mean:
    Input Yahoo Search Term</status>
</test>
<test id="s1-t2" name="Search Google and Verify Results-2" line="21">
<kw name="Open Google">
<kw name="Open Browser" owner="SeleniumLibrary">
<msg time="2024-03-14T21:16:00.057327" level="INFO">Opening browser 'Edge' to base url 'https://www.google.com'.</msg>
<arg>https://www.google.com</arg>
<arg>${BROWSER}</arg>
<doc>Opens a new browser instance to the optional ``url``.</doc>
<status status="PASS" start="2024-03-14T21:16:00.056326" elapsed="9.320108"/>
</kw>
<status status="PASS" start="2024-03-14T21:16:00.056326" elapsed="9.320108"/>
</kw>
<kw name="Input Search Term">
<msg time="2024-03-14T21:16:09.376434" level="FAIL">No keyword with name 'Input Search Term' found. Did you mean:
    Input Yahoo Search Term</msg>
<status status="FAIL" start="2024-03-14T21:16:09.376434" elapsed="0.000000">No keyword with name 'Input Search Term' found. Did you mean:
    Input Yahoo Search Term</status>
</kw>
<kw name="Press Enter Google Search">
<status status="NOT RUN" start="2024-03-14T21:16:09.376434" elapsed="0.015636"/>
</kw>
<kw name="Verify Search Results-2">
<status status="NOT RUN" start="2024-03-14T21:16:09.392070" elapsed="0.000000"/>
</kw>
<kw name="Close Browser" owner="SeleniumLibrary">
<doc>Closes the current browser.</doc>
<status status="NOT RUN" start="2024-03-14T21:16:09.392070" elapsed="0.000000"/>
</kw>
<doc>Test case to search Google and verify results</doc>
<status status="FAIL" start="2024-03-14T21:16:00.056326" elapsed="9.335744">No keyword with name 'Input Search Term' found. Did you mean:
    Input Yahoo Search Term</status>
</test>
<test id="s1-t3" name="Search Google and Verify Results-3" line="29">
<kw name="Open Google">
<kw name="Open Browser" owner="SeleniumLibrary">
<msg time="2024-03-14T21:16:09.394463" level="INFO">Opening browser 'Edge' to base url 'https://www.google.com'.</msg>
<arg>https://www.google.com</arg>
<arg>${BROWSER}</arg>
<doc>Opens a new browser instance to the optional ``url``.</doc>
<status status="PASS" start="2024-03-14T21:16:09.394463" elapsed="14.394757"/>
</kw>
<status status="PASS" start="2024-03-14T21:16:09.394463" elapsed="14.394757"/>
</kw>
<kw name="Input XSearch Term">
<msg time="2024-03-14T21:16:23.790763" level="FAIL">No keyword with name 'Input XSearch Term' found.</msg>
<status status="FAIL" start="2024-03-14T21:16:23.790763" elapsed="0.000000">No keyword with name 'Input XSearch Term' found.</status>
</kw>
<kw name="Press Enter Google Search">
<status status="NOT RUN" start="2024-03-14T21:16:23.790763" elapsed="0.000000"/>
</kw>
<kw name="Verify Search Results-2">
<status status="NOT RUN" start="2024-03-14T21:16:23.790763" elapsed="0.000000"/>
</kw>
<kw name="Close Browser" owner="SeleniumLibrary">
<doc>Closes the current browser.</doc>
<status status="NOT RUN" start="2024-03-14T21:16:23.790763" elapsed="0.000000"/>
</kw>
<doc>Test case to search Google and verify results</doc>
<status status="FAIL" start="2024-03-14T21:16:09.394368" elapsed="14.396395">No keyword with name 'Input XSearch Term' found.</status>
</test>
<test id="s1-t4" name="Search Google Xpath" line="37">
<kw name="Open Google">
<kw name="Open Browser" owner="SeleniumLibrary">
<msg time="2024-03-14T21:16:23.794391" level="INFO">Opening browser 'Edge' to base url 'https://www.google.com'.</msg>
<arg>https://www.google.com</arg>
<arg>${BROWSER}</arg>
<doc>Opens a new browser instance to the optional ``url``.</doc>
<status status="PASS" start="2024-03-14T21:16:23.794391" elapsed="17.751084"/>
</kw>
<status status="PASS" start="2024-03-14T21:16:23.794391" elapsed="17.751084"/>
</kw>
<kw name="Input Search Google Xpath Term">
<msg time="2024-03-14T21:16:41.545475" level="FAIL">No keyword with name 'Input Search Google Xpath Term' found. Did you mean:
    Input Search Google Term</msg>
<status status="FAIL" start="2024-03-14T21:16:41.545475" elapsed="0.000000">No keyword with name 'Input Search Google Xpath Term' found. Did you mean:
    Input Search Google Term</status>
</kw>
<kw name="Press Enter Google Xpath Search">
<status status="NOT RUN" start="2024-03-14T21:16:41.545475" elapsed="0.000000"/>
</kw>
<kw name="Verify Search Results-3">
<status status="NOT RUN" start="2024-03-14T21:16:41.545475" elapsed="0.000000"/>
</kw>
<kw name="Close Browser" owner="SeleniumLibrary">
<doc>Closes the current browser.</doc>
<status status="NOT RUN" start="2024-03-14T21:16:41.545475" elapsed="0.000000"/>
</kw>
<doc>Test case to search Google and verify results</doc>
<status status="FAIL" start="2024-03-14T21:16:23.794391" elapsed="17.757068">No keyword with name 'Input Search Google Xpath Term' found. Did you mean:
    Input Search Google Term</status>
</test>
<test id="s1-t5" name="Search Yahoo and Verify Results" line="48">
<kw name="Open Yahoo">
<kw name="Open Browser" owner="SeleniumLibrary">
<msg time="2024-03-14T21:16:41.552745" level="INFO">Opening browser 'Edge' to base url 'https://www.yahoo.com'.</msg>
<arg>https://www.yahoo.com</arg>
<arg>${BROWSER}</arg>
<doc>Opens a new browser instance to the optional ``url``.</doc>
<status status="PASS" start="2024-03-14T21:16:41.551724" elapsed="45.620182"/>
</kw>
<status status="PASS" start="2024-03-14T21:16:41.551724" elapsed="45.620182"/>
</kw>
<kw name="Input Yahoo Search Term">
<kw name="Input Text" owner="SeleniumLibrary">
<msg time="2024-03-14T21:17:27.175280" level="INFO">Typing text 'robot framework' into text field 'name=p'.</msg>
<arg>name=p</arg>
<arg>${SEARCH_TERM}</arg>
<doc>Types the given ``text`` into the text field identified by ``locator``.</doc>
<status status="PASS" start="2024-03-14T21:17:27.175045" elapsed="0.066355"/>
</kw>
<status status="PASS" start="2024-03-14T21:17:27.171906" elapsed="0.069494"/>
</kw>
<kw name="Press Enter Yahoo Search">
<kw name="Press Keys" owner="SeleniumLibrary">
<msg time="2024-03-14T21:17:27.242400" level="INFO">Sending key(s) ('Enter',) to name=p element.</msg>
<msg time="2024-03-14T21:17:27.523235" level="INFO">Sending keys Enter</msg>
<arg>name=p</arg>
<arg>Enter</arg>
<doc>Simulates the user pressing key(s) to an element or on the active browser.</doc>
<status status="PASS" start="2024-03-14T21:17:27.242400" elapsed="0.297320"/>
</kw>
<status status="PASS" start="2024-03-14T21:17:27.242400" elapsed="0.297320"/>
</kw>
<kw name="Verify Search Results">
<kw name="Wait Until Page Contains" owner="SeleniumLibrary">
<arg>${SEARCH_RESULT}</arg>
<doc>Waits until ``text`` appears on the current page.</doc>
<status status="PASS" start="2024-03-14T21:17:27.539720" elapsed="0.017232"/>
</kw>
<kw name="Page Should Contain" owner="SeleniumLibrary">
<msg time="2024-03-14T21:17:27.581326" level="INFO">Current page contains text 'Automate'.</msg>
<arg>${SEARCH_RESULT}</arg>
<doc>Verifies that current page contains ``text``.</doc>
<status status="PASS" start="2024-03-14T21:17:27.556952" elapsed="0.024374"/>
</kw>
<status status="PASS" start="2024-03-14T21:17:27.539720" elapsed="0.041606"/>
</kw>
<kw name="Close Browser" owner="SeleniumLibrary">
<doc>Closes the current browser.</doc>
<status status="PASS" start="2024-03-14T21:17:27.581326" elapsed="3.321193"/>
</kw>
<doc>Test case to search Yahoo and verify results</doc>
<status status="PASS" start="2024-03-14T21:16:41.551724" elapsed="49.350795"/>
</test>
<status status="FAIL" start="2024-03-14T21:15:37.071252" elapsed="113.832394"/>
</suite>
<statistics>
<total>
<stat pass="1" fail="4" skip="0">All Tests</stat>
</total>
<tag>
</tag>
<suite>
<stat pass="1" fail="4" skip="0" id="s1" name="Google Search">Google Search</stat>
</suite>
</statistics>
<errors>
</errors>
</robot>
